<?xml version="1.0" encoding="UTF-8"?>
<testsuite xmlns:xsi="http://www.w3.org/2001/XMLSchema-instance" xsi:noNamespaceSchemaLocation="https://maven.apache.org/surefire/maven-surefire-plugin/xsd/surefire-test-report.xsd" name="com.mjh.xmlscraper.TestDatabaseWrapper" time="22.125" tests="24" errors="0" skipped="0" failures="0">
  <properties>
    <property name="sun.desktop" value="windows"/>
    <property name="awt.toolkit" value="sun.awt.windows.WToolkit"/>
    <property name="java.specification.version" value="11"/>
    <property name="sun.cpu.isalist" value="amd64"/>
    <property name="sun.jnu.encoding" value="Cp1252"/>
    <property name="java.class.path" value="C:\Users\Max\Desktop\University Work\Year 3\Term 1\Development Project\Student&apos;s Cartridge\Development\Code\XML Scraper\xmlscraper\target\test-classes;C:\Users\Max\Desktop\University Work\Year 3\Term 1\Development Project\Student&apos;s Cartridge\Development\Code\XML Scraper\xmlscraper\target\classes;C:\Users\Max\.m2\repository\junit\junit\4.11\junit-4.11.jar;C:\Users\Max\.m2\repository\org\hamcrest\hamcrest-core\1.3\hamcrest-core-1.3.jar;C:\Users\Max\.m2\repository\mysql\mysql-connector-java\8.0.27\mysql-connector-java-8.0.27.jar;C:\Users\Max\.m2\repository\com\google\protobuf\protobuf-java\3.11.4\protobuf-java-3.11.4.jar;"/>
    <property name="java.vm.vendor" value="Eclipse Foundation"/>
    <property name="sun.arch.data.model" value="64"/>
    <property name="user.variant" value=""/>
    <property name="java.vendor.url" value="https://adoptium.net/"/>
    <property name="user.timezone" value="Europe/London"/>
    <property name="java.vm.specification.version" value="11"/>
    <property name="os.name" value="Windows 10"/>
    <property name="sun.java.launcher" value="SUN_STANDARD"/>
    <property name="user.country" value="GB"/>
    <property name="sun.boot.library.path" value="C:\Program Files\Eclipse Foundation\jdk-11.0.12.7-hotspot\bin"/>
    <property name="sun.java.command" value="C:\Users\Max\AppData\Local\Temp\surefire1241106254743694454\surefirebooter11001041489113824493.jar C:\Users\Max\AppData\Local\Temp\surefire1241106254743694454 2022-04-15T02-51-37_684-jvmRun1 surefire17177649371780959890tmp surefire_09060333927153950015tmp"/>
    <property name="jdk.debug" value="release"/>
    <property name="surefire.test.class.path" value="C:\Users\Max\Desktop\University Work\Year 3\Term 1\Development Project\Student&apos;s Cartridge\Development\Code\XML Scraper\xmlscraper\target\test-classes;C:\Users\Max\Desktop\University Work\Year 3\Term 1\Development Project\Student&apos;s Cartridge\Development\Code\XML Scraper\xmlscraper\target\classes;C:\Users\Max\.m2\repository\junit\junit\4.11\junit-4.11.jar;C:\Users\Max\.m2\repository\org\hamcrest\hamcrest-core\1.3\hamcrest-core-1.3.jar;C:\Users\Max\.m2\repository\mysql\mysql-connector-java\8.0.27\mysql-connector-java-8.0.27.jar;C:\Users\Max\.m2\repository\com\google\protobuf\protobuf-java\3.11.4\protobuf-java-3.11.4.jar;"/>
    <property name="sun.cpu.endian" value="little"/>
    <property name="user.home" value="C:\Users\Max"/>
    <property name="user.language" value="en"/>
    <property name="java.specification.vendor" value="Oracle Corporation"/>
    <property name="java.version.date" value="2021-07-20"/>
    <property name="java.home" value="C:\Program Files\Eclipse Foundation\jdk-11.0.12.7-hotspot"/>
    <property name="file.separator" value="\"/>
    <property name="basedir" value="C:\Users\Max\Desktop\University Work\Year 3\Term 1\Development Project\Student&apos;s Cartridge\Development\Code\XML Scraper\xmlscraper"/>
    <property name="java.vm.compressedOopsMode" value="Zero based"/>
    <property name="line.separator" value="&#10;"/>
    <property name="java.specification.name" value="Java Platform API Specification"/>
    <property name="java.vm.specification.vendor" value="Oracle Corporation"/>
    <property name="java.awt.graphicsenv" value="sun.awt.Win32GraphicsEnvironment"/>
    <property name="surefire.real.class.path" value="C:\Users\Max\AppData\Local\Temp\surefire1241106254743694454\surefirebooter11001041489113824493.jar"/>
    <property name="user.script" value=""/>
    <property name="sun.management.compiler" value="HotSpot 64-Bit Tiered Compilers"/>
    <property name="java.runtime.version" value="11.0.12+7"/>
    <property name="user.name" value="Max"/>
    <property name="path.separator" value=";"/>
    <property name="os.version" value="10.0"/>
    <property name="java.runtime.name" value="OpenJDK Runtime Environment"/>
    <property name="file.encoding" value="Cp1252"/>
    <property name="java.vm.name" value="OpenJDK 64-Bit Server VM"/>
    <property name="java.vendor.version" value="Temurin-11.0.12+7"/>
    <property name="localRepository" value="C:\Users\Max\.m2\repository"/>
    <property name="java.vendor.url.bug" value="https://github.com/adoptium/adoptium-support/issues"/>
    <property name="java.io.tmpdir" value="C:\Users\Max\AppData\Local\Temp\"/>
    <property name="java.version" value="11.0.12"/>
    <property name="user.dir" value="C:\Users\Max\Desktop\University Work\Year 3\Term 1\Development Project\Student&apos;s Cartridge\Development\Code\XML Scraper\xmlscraper"/>
    <property name="os.arch" value="amd64"/>
    <property name="java.vm.specification.name" value="Java Virtual Machine Specification"/>
    <property name="java.awt.printerjob" value="sun.awt.windows.WPrinterJob"/>
    <property name="sun.os.patch.level" value=""/>
    <property name="java.library.path" value="C:\Program Files\Eclipse Foundation\jdk-11.0.12.7-hotspot\bin;C:\Windows\Sun\Java\bin;C:\Windows\system32;C:\Windows;C:/Program Files/Eclipse Foundation/jdk-11.0.12.7-hotspot/bin/server;C:/Program Files/Eclipse Foundation/jdk-11.0.12.7-hotspot/bin;C:\Program Files (x86)\VMware\VMware Workstation\bin\;C:\Program Files\Eclipse Foundation\jdk-11.0.12.7-hotspot\bin;C:\Program Files (x86)\Common Files\Oracle\Java\javapath;C:\Windows\system32;C:\Windows;C:\Windows\System32\Wbem;C:\Windows\System32\WindowsPowerShell\v1.0\;C:\Windows\System32\OpenSSH\;C:\Program Files\NVIDIA Corporation\NVIDIA NvDLISR;C:\Program Files (x86)\NVIDIA Corporation\PhysX\Common;C:\Program Files (x86)\Bitvise SSH Client;C:\Program Files\dotnet\;C:\Program Files\Microsoft SQL Server\130\Tools\Binn\;C:\Program Files (x86)\Gpg4win\..\GnuPG\bin;C:\Program Files\Git\cmd;C:\Program Files\MATLAB\R2021b\bin;C:\Users\Max\Gradle\bin;C:\Program Files (x86)\dotnet\;C:\Program Files\MySQL\MySQL Shell 8.0\bin\;C:\Users\Max\AppData\Local\Microsoft\WindowsApps;C:\Users\Max\AppData\Local\atom\bin;C:\Users\Max\.dotnet\tools;C:\Program Files\Eclipse Foundation\jdk-11.0.12.7-hotspot\bin;;C:\Program Files\JetBrains\IntelliJ IDEA 2021.2.2\bin;;C:\Windows\system32;;."/>
    <property name="java.vm.info" value="mixed mode"/>
    <property name="java.vendor" value="Eclipse Foundation"/>
    <property name="java.vm.version" value="11.0.12+7"/>
    <property name="sun.io.unicode.encoding" value="UnicodeLittle"/>
    <property name="java.class.version" value="55.0"/>
  </properties>
  <testcase name="testAddCity" classname="com.mjh.xmlscraper.TestDatabaseWrapper" time="0.246"/>
  <testcase name="testDeleteQueryWithNoValues" classname="com.mjh.xmlscraper.TestDatabaseWrapper" time="0.035"/>
  <testcase name="testCityExists" classname="com.mjh.xmlscraper.TestDatabaseWrapper" time="0.028"/>
  <testcase name="testSelectQueryWithValuesThatDoNotExist" classname="com.mjh.xmlscraper.TestDatabaseWrapper" time="0.027"/>
  <testcase name="testDeleteQueryWithValues" classname="com.mjh.xmlscraper.TestDatabaseWrapper" time="0.028"/>
  <testcase name="testCarparkExists" classname="com.mjh.xmlscraper.TestDatabaseWrapper" time="0.026"/>
  <testcase name="testAddDaily" classname="com.mjh.xmlscraper.TestDatabaseWrapper" time="0.049"/>
  <testcase name="testSelectQueryWithNoValues" classname="com.mjh.xmlscraper.TestDatabaseWrapper" time="0.026"/>
  <testcase name="testGetFiveMinutesEntries" classname="com.mjh.xmlscraper.TestDatabaseWrapper" time="0.029"/>
  <testcase name="testDeleteQueryWithValuesThatDoNotExist" classname="com.mjh.xmlscraper.TestDatabaseWrapper" time="0.025"/>
  <testcase name="testUpdateQueryWithValues" classname="com.mjh.xmlscraper.TestDatabaseWrapper" time="0.027"/>
  <testcase name="testCheckConnection" classname="com.mjh.xmlscraper.TestDatabaseWrapper" time="0.021"/>
  <testcase name="testAddHourly" classname="com.mjh.xmlscraper.TestDatabaseWrapper" time="0.025"/>
  <testcase name="testGetCarparkIDs" classname="com.mjh.xmlscraper.TestDatabaseWrapper" time="0.057"/>
  <testcase name="testInsertQueryWithNoValues" classname="com.mjh.xmlscraper.TestDatabaseWrapper" time="0.022"/>
  <testcase name="testGetHourlyEntries" classname="com.mjh.xmlscraper.TestDatabaseWrapper" time="0.025"/>
  <testcase name="testCheckConnectionOnFalseURL" classname="com.mjh.xmlscraper.TestDatabaseWrapper" time="21.046"/>
  <testcase name="testAddFiveMinutes" classname="com.mjh.xmlscraper.TestDatabaseWrapper" time="0.096"/>
  <testcase name="testSelectQueryWithValues" classname="com.mjh.xmlscraper.TestDatabaseWrapper" time="0.028"/>
  <testcase name="testInsertQueryWithValues" classname="com.mjh.xmlscraper.TestDatabaseWrapper" time="0.043"/>
  <testcase name="testUpdateQueryWithNoValues" classname="com.mjh.xmlscraper.TestDatabaseWrapper" time="0.026"/>
  <testcase name="testUpdateQueryWithValuesThatDoNotExist" classname="com.mjh.xmlscraper.TestDatabaseWrapper" time="0.089"/>
  <testcase name="testAddCarpark" classname="com.mjh.xmlscraper.TestDatabaseWrapper" time="0.079"/>
  <testcase name="testDatabaseWrapperInstance" classname="com.mjh.xmlscraper.TestDatabaseWrapper" time="0"/>
</testsuite>